[*] Starting threat intelligence scan at 2026-02-16 11:56 PST
[*] Telegram alerts ENABLED
  > Scanning New York Times [news]...
    Result: DOWN (-)
    24h Uptime: 0.0%
  > Scanning BBC News [news]...
    Result: UP (8.73s)
    24h Uptime: 100.0%
  > Scanning ProPublica [news]...
    Result: DOWN (-)
    24h Uptime: 0.0%
  > Scanning CIA [government]...
    Result: DOWN (-)
    24h Uptime: 0.0%
  > Scanning Facebook [social]...
    Result: ISSUES (5.64s)
    24h Uptime: 0.0%
  > Scanning The Guardian [news]...
    Result: UP (47.64s)
    24h Uptime: 69.6%
  > Scanning DuckDuckGo [search]...
    Result: DOWN (-)
    24h Uptime: 78.3%
    [TELEGRAM] Alert sent: LOW UPTIME
  > Scanning Best Carding World [forums]...
    [DEEP SCAN ENABLED]
    Result: UP (6.63s)
    24h Uptime: 100.0%
    [+] Deep scan complete - 0 emails, 0 BTC addresses, 0 IPs, 20 domains
    [!] CHANGE DETECTED: content
  > Scanning Qilin Ransomware Blog [ransomware]...
    [DEEP SCAN ENABLED]
    Result: UP (7.99s)
    24h Uptime: 100.0%
    [+] Deep scan complete - 0 emails, 2 BTC addresses, 0 IPs, 20 domains
    [!] CHANGE DETECTED: content
  > Scanning Dark Web Observatory [monitoring]...
    [DEEP SCAN ENABLED]
    Result: UP (3.53s)
    24h Uptime: 100.0%
    [+] Deep scan complete - 0 emails, 0 BTC addresses, 0 IPs, 15 domains
    [TELEGRAM] Scan summary sent
[+] Deep scan database updated with 3 entries
    [+] Generated individual page: best_carding_world.html
    [+] Generated individual page: qilin_ransomware_blog.html
    [+] Generated individual page: dark_web_observatory.html
[+] Deep scan overview HTML generated
[+] IOC database generated with 2 IOCs
